<?xml version="1.0" encoding="UTF-8"?>
<!-- Generated by org.testng.reporters.JUnitReportReporter -->
<testsuite hostname="DESKTOP-GUHFHNS" failures="0" tests="3" name="Runner.LoginTestRunner$TestRunner" time="0.443" errors="2" timestamp="2022-06-11T21:57:51 EDT" skipped="0">
  <testcase classname="Runner.LoginTestRunner$TestRunner" name="runScenario" time="0.263"/>
  <system-out/>
  <testcase classname="Runner.LoginTestRunner$TestRunner" name="runScenario" time="0.048">
    <error message="Cannot invoke &quot;org.openqa.selenium.SearchContext.findElement(org.openqa.selenium.By)&quot; because &quot;this.searchContext&quot; is null" type="java.lang.NullPointerException">
      <![CDATA[java.lang.NullPointerException: Cannot invoke "org.openqa.selenium.SearchContext.findElement(org.openqa.selenium.By)" because "this.searchContext" is null
at org.openqa.selenium.support.pagefactory.DefaultElementLocator.findElement(DefaultElementLocator.java:70)
at org.openqa.selenium.support.pagefactory.internal.LocatingElementHandler.invoke(LocatingElementHandler.java:39)
at jdk.proxy2/jdk.proxy2.$Proxy22.sendKeys(Unknown Source)
at com.dietician.pages.LoginPage.enterusername(LoginPage.java:36)
at StepDefinitions.LoginSD.enters_and(LoginSD.java:34)
at ✽.Enters "Sowmiyaxyz" and "<Password>"(file:///C:/Users/ompra/eclipse-workspace/Dietician_Hackathon/src/test/resources/FeatureFiles/Login.feature:31)
]]>
    </error>
  </testcase> <!-- runScenario -->
  <system-out/>
  <testcase classname="Runner.LoginTestRunner$TestRunner" name="runScenario" time="0.132">
    <error message="Cannot invoke &quot;org.openqa.selenium.SearchContext.findElement(org.openqa.selenium.By)&quot; because &quot;this.searchContext&quot; is null" type="java.lang.NullPointerException">
      <![CDATA[java.lang.NullPointerException: Cannot invoke "org.openqa.selenium.SearchContext.findElement(org.openqa.selenium.By)" because "this.searchContext" is null
at org.openqa.selenium.support.pagefactory.DefaultElementLocator.findElement(DefaultElementLocator.java:70)
at org.openqa.selenium.support.pagefactory.internal.LocatingElementHandler.invoke(LocatingElementHandler.java:39)
at jdk.proxy2/jdk.proxy2.$Proxy22.sendKeys(Unknown Source)
at com.dietician.pages.LoginPage.enterusername(LoginPage.java:36)
at StepDefinitions.LoginSD.enters_and(LoginSD.java:34)
at ✽.Enters "Sowmiyaabc" and "<Password>"(file:///C:/Users/ompra/eclipse-workspace/Dietician_Hackathon/src/test/resources/FeatureFiles/Login.feature:31)
]]>
    </error>
  </testcase> <!-- runScenario -->
  <system-out/>
</testsuite> <!-- Runner.LoginTestRunner$TestRunner -->
